C51 COMPILER V9.59.0.0   ADC                                                               12/08/2023 16:39:15 PAGE 1   


C51 COMPILER V9.59.0.0, COMPILATION OF MODULE ADC
OBJECT MODULE PLACED IN .\Objects\ADC.obj
COMPILER INVOKED BY: D:\Keil\C51\BIN\C51.EXE ADC.c LARGE OMF2 OPTIMIZE(8,SPEED) BROWSE INCDIR(.\LIB) DEBUG PRINT(.\Listi
                    -ngs\ADC.lst) TABS(2) OBJECT(.\Objects\ADC.obj)

line level    source

   1          #include "ADC.h"
   2          
   3          
   4          
   5          
   6          /******************* ADХфжУКЏЪ§ *******************/
   7          void  ADC_config(void)//ЕБЧАХфжУЕФADCВЩбљЫйЖШ16457.15KHz
   8          {
   9   1        ADC_InitTypeDef   ADC_InitStructure;    //НсЙЙЖЈвх
  10   1        ADC_InitStructure.ADC_SMPduty   = 31;   //ADC ФЃФтаХКХВЩбљЪБМфПижЦ, 0~31ЃЈзЂвтЃК SMPDUTY вЛЖЈВЛФмЩшжУаЁгк 
             -10ЃЉ
  11   1        ADC_InitStructure.ADC_CsSetup   = 0;    //ADC ЭЈЕРбЁдёЪБМфПижЦ 0(ФЌШЯ),1
  12   1        ADC_InitStructure.ADC_CsHold    = 1;    //ADC ЭЈЕРбЁдёБЃГжЪБМфПижЦ 0,1(ФЌШЯ),2,3
  13   1        ADC_InitStructure.ADC_Speed     = ADC_SPEED_2X16T;    //ЩшжУ ADC ЙЄзїЪБжгЦЕТЪ ADC_SPEED_2X1T~ADC_SPEED_2X16
             -T
  14   1        ADC_InitStructure.ADC_AdjResult = ADC_RIGHT_JUSTIFIED;  //ADCНсЙћЕїећ,  ADC_LEFT_JUSTIFIED,ADC_RIGHT_JUSTIF
             -IED
  15   1        ADC_Inilize(&ADC_InitStructure);    //ГѕЪМЛЏ
  16   1        ADC_PowerControl(ENABLE);           //ADCЕчдДПЊЙи, ENABLEЛђDISABLE
  17   1        NVIC_ADC_Init(ENABLE,Priority_0);   //жаЖЯЪЙФм, ENABLE/DISABLE; гХЯШМЖ(ЕЭЕНИп) Priority_0,Priority_1,Prior
             -ity_2,Priority_3
  18   1      }


MODULE INFORMATION:   STATIC OVERLAYABLE
   CODE SIZE        =     44    ----
   CONSTANT SIZE    =   ----    ----
   XDATA SIZE       =   ----       5
   PDATA SIZE       =   ----    ----
   DATA SIZE        =   ----    ----
   IDATA SIZE       =   ----    ----
   BIT SIZE         =   ----    ----
   EDATA SIZE       =   ----    ----
   HDATA SIZE       =   ----    ----
   XDATA CONST SIZE =   ----    ----
   FAR CONST SIZE   =   ----    ----
END OF MODULE INFORMATION.


C51 COMPILATION COMPLETE.  0 WARNING(S),  0 ERROR(S)
