C51 COMPILER V9.59.0.0   OLED                                                              12/08/2023 16:39:14 PAGE 1   


C51 COMPILER V9.59.0.0, COMPILATION OF MODULE OLED
OBJECT MODULE PLACED IN .\Objects\oled.obj
COMPILER INVOKED BY: D:\Keil\C51\BIN\C51.EXE oled.c LARGE OMF2 OPTIMIZE(8,SPEED) BROWSE INCDIR(.\LIB) DEBUG PRINT(.\List
                    -ings\oled.lst) TABS(2) OBJECT(.\Objects\oled.obj)

line level    source

   1          //  文 件 名   : oled.c
   2          //  版 本 号   : v1.0
   3          //  作    者   : cl
   4          //  完成日期   : 2019-0518
   5          //  功能描述   : 中景园1.3寸SH1106驱动OLED 4接口库函数相关(51系列)
   6          //              ----------------------------------------------------------------
   7          //              GND  电源地
   8          //              VCC  接5V或3.3v电源
   9          //              D0   （SCL）
  10          //              D1   （SDA）
  11          //              ----------------------------------------------------------------
  12          //******************************************************************************/。
  13          #include "stc8a8k64d4.h"
  14          #include "oled.h"
  15          #include <intrins.h>
  16          sbit OLED_SCL  = P5^5;//时钟 D0（CLK）
  17          sbit OLED_SDIN = P5^4;//数据 D1（SDA）
  18          
  19          
  20          void IIC_Start()
  21          {
  22   1      
  23   1        OLED_SCLK_Set() ;
  24   1        OLED_SDIN_Set();
  25   1        OLED_SDIN_Clr();
  26   1        OLED_SCLK_Clr();
  27   1      }
  28          
  29          
  30          void IIC_Stop()
  31               {
  32   1           OLED_SCLK_Set() ;
  33   1      //  OLED_SCLK_Clr();
  34   1           OLED_SDIN_Clr();
  35   1           OLED_SDIN_Set();
  36   1           }
  37          
  38          void IIC_Wait_Ack()
  39          {
  40   1        OLED_SCLK_Set();
  41   1        OLED_SCLK_Clr();
  42   1      }
  43          /**********************************************
  44          // IIC Write byte
  45          **********************************************/
  46          
  47          void Write_IIC_Byte(unsigned char IIC_Byte)
  48          {
  49   1        unsigned char i;
  50   1        unsigned char m,da;
  51   1        da=IIC_Byte;
  52   1        OLED_SCLK_Clr();
  53   1        for(i=0;i<8;i++)
  54   1        {
C51 COMPILER V9.59.0.0   OLED                                                              12/08/2023 16:39:14 PAGE 2   

  55   2          m=da;
  56   2          //  OLED_SCLK_Clr();
  57   2          m=m&0x80; //先发高位
  58   2          if(m==0x80)
  59   2          {OLED_SDIN_Set();}
  60   2          else OLED_SDIN_Clr();
  61   2            da=da<<1;
  62   2          OLED_SCLK_Set();
  63   2          OLED_SCLK_Clr();
  64   2        }
  65   1      }
  66          
  67          /**********************************************
  68          // IIC Write Command
  69          **********************************************/
  70          void Write_IIC_Command(unsigned char IIC_Command)
  71          {
  72   1         IIC_Start();
  73   1         Write_IIC_Byte(0x78);            //Slave address,SA0=0
  74   1        IIC_Wait_Ack();
  75   1         Write_IIC_Byte(0x00);      //write command
  76   1        IIC_Wait_Ack();
  77   1         Write_IIC_Byte(IIC_Command);
  78   1        IIC_Wait_Ack();
  79   1         IIC_Stop();
  80   1      }
  81          /**********************************************
  82          // IIC Write Data
  83          **********************************************/
  84          void Write_IIC_Data(unsigned char IIC_Data)
  85          {
  86   1        IIC_Start();
  87   1        Write_IIC_Byte(0x78);     //R/W#=0
  88   1        IIC_Wait_Ack();
  89   1        Write_IIC_Byte(0x40);     //D/C#=1,write data
  90   1        IIC_Wait_Ack();
  91   1        Write_IIC_Byte(IIC_Data);
  92   1        IIC_Wait_Ack();
  93   1        IIC_Stop();
  94   1      }
  95          void OLED_WR_Byte(unsigned dat,unsigned cmd)
  96          {
  97   1        if(cmd)
  98   1        {
  99   2          Write_IIC_Data(dat);
 100   2          }
 101   1        else {
 102   2            Write_IIC_Command(dat);
 103   2        }
 104   1      
 105   1      
 106   1      }
 107          
 108          /********************************************
 109          // fill_Picture
 110          ********************************************/
 111          //void fill_picture(unsigned char fill_Data)
 112          //  {
 113          //  unsigned char m,n;
 114          //  for(m=0;m<8;m++)
 115          //    {
 116          //    OLED_WR_Byte(0xb0+m,0);   //page0-page1
C51 COMPILER V9.59.0.0   OLED                                                              12/08/2023 16:39:14 PAGE 3   

 117          //    OLED_WR_Byte(0x02,0);   //low column start address
 118          //    OLED_WR_Byte(0x10,0);   //high column start address
 119          //    for(n=0;n<128;n++)
 120          //      {
 121          //      OLED_WR_Byte(fill_Data,1);
 122          //      }
 123          //    }
 124          //  }
 125          
 126          //坐标设置
 127          
 128          void OLED_Set_Pos(unsigned char x, unsigned char y)
 129          {
 130   1        OLED_WR_Byte(0xb0+y,OLED_CMD);
 131   1        OLED_WR_Byte((((x+2)&0xf0)>>4)|0x10,OLED_CMD);
 132   1        OLED_WR_Byte(((x+2)&0x0f),OLED_CMD);
 133   1      }
 134          
 135          
 136          //开启OLED显示
 137          //void OLED_Display_On(void)
 138          //  {
 139          //  OLED_WR_Byte(0X8D,OLED_CMD);  //SET DCDC命令
 140          //  OLED_WR_Byte(0X14,OLED_CMD);  //DCDC ON
 141          //  OLED_WR_Byte(0XAF,OLED_CMD);  //DISPLAY ON
 142          //  }
 143          //关闭OLED显示
 144          //void OLED_Display_Off(void)
 145          //  {
 146          //  OLED_WR_Byte(0X8D,OLED_CMD);  //SET DCDC命令
 147          //  OLED_WR_Byte(0X10,OLED_CMD);  //DCDC OFF
 148          //  OLED_WR_Byte(0XAE,OLED_CMD);  //DISPLAY OFF
 149          //  }
 150          //清屏函数,清完屏,整个屏幕是黑色的!和没点亮一样!!!
 151          void OLED_Clear(void)
 152          {
 153   1        u8 i,n;
 154   1        for(i=0;i<8;i++)
 155   1        {
 156   2          OLED_WR_Byte (0xb0+i,OLED_CMD);    //设置页地址（0~7）
 157   2          OLED_WR_Byte (0x02,OLED_CMD);      //设置显示位置—列低地址
 158   2          OLED_WR_Byte (0x10,OLED_CMD);      //设置显示位置—列高地址
 159   2          for(n=0;n<128;n++)OLED_WR_Byte(0,OLED_DATA);
 160   2        } //更新显示
 161   1      }
 162          //void OLED_On(void)
 163          //  {
 164          //  u8 i,n;
 165          //  for(i=0;i<8;i++)
 166          //    {
 167          //    OLED_WR_Byte (0xb0+i,OLED_CMD);
 168          //    OLED_WR_Byte (0x02,OLED_CMD);
 169          //    OLED_WR_Byte (0x10,OLED_CMD);
 170          //    for(n=0;n<128;n++)OLED_WR_Byte(1,OLED_DATA);
 171          //    }
 172          //  }
 173          //在指定位置显示一个字符,包括部分字符
 174          //x:0~127
 175          //y:0~63
 176          //mode:0,反白显示;1,正常显示
 177          //size:选择字体 16/8
 178          void OLED_ShowChar(u8 x,u8 y,u8 chr,u8 Char_Size)
C51 COMPILER V9.59.0.0   OLED                                                              12/08/2023 16:39:14 PAGE 4   

 179          {
 180   1        unsigned char c=0,i=0;
 181   1        c=chr-' ';//得到偏移后的值
 182   1        if(x>Max_Column-1){x=0;y=y+2;}
 183   1        if(Char_Size ==16)
 184   1               {
 185   2          OLED_Set_Pos(x,y);
 186   2          for(i=0;i<8;i++)
 187   2            OLED_WR_Byte(F8x16[c*16+i],OLED_DATA);
 188   2          OLED_Set_Pos(x,y+1);
 189   2          for(i=0;i<8;i++)
 190   2            OLED_WR_Byte(F8x16[c*16+i+8],OLED_DATA);
 191   2                }
 192   1        else    {
 193   2          OLED_Set_Pos(x,y);
 194   2          for(i=0;i<6;i++)
 195   2          OLED_WR_Byte(F6x8[c][i],OLED_DATA);
 196   2                }
 197   1      }
 198          //m^n函数
 199          u32 oled_pow(u8 m,u8 n)
 200          {
 201   1        u32 result=1;
 202   1        while(n--)result*=m;
 203   1        return result;
 204   1      }
 205          //显示2个数字
 206          //x,y :起点坐标
 207          //len :数字的位数
 208          //size:字体大小
 209          //mode:模式 0,填充模式;1,叠加模式
 210          //num:数值(0~4294967295);
 211          void OLED_ShowNum(u8 x,u8 y,u32 num,u8 len,u8 size2)
 212          {
 213   1        u8 t,temp,wide;
 214   1        u8 enshow=0;
 215   1        if(size2==16)wide=8;
 216   1        else wide=6;
 217   1        for(t=0;t<len;t++)
 218   1        {
 219   2          temp=(num/oled_pow(10,len-t-1))%10;
 220   2          if(enshow==0&&t<(len-1))
 221   2          {
 222   3            if(temp==0)
 223   3            {
 224   4              OLED_ShowChar(x+wide*t,y,' ',size2);
 225   4              continue;
 226   4            }else enshow=1;
 227   3      
 228   3          }
 229   2          OLED_ShowChar(x+wide*t,y,temp+'0',size2);
 230   2        }
 231   1      }
 232          //显示一个字符号串
 233          void OLED_ShowString(u8 x,u8 y,u8 *chr,u8 Char_Size)
 234          {
 235   1        unsigned char j=0;
 236   1        while (chr[j]!='\0')
 237   1        {
 238   2          OLED_ShowChar(x,y,chr[j],Char_Size);
 239   2          if(Char_Size== 8)x+=6;
 240   2          else x+=8;
C51 COMPILER V9.59.0.0   OLED                                                              12/08/2023 16:39:14 PAGE 5   

 241   2          if(x>120)
 242   2          {
 243   3            x=0;
 244   3            if(Char_Size==8)y+=1;
 245   3            else y+=2;
 246   3          }
 247   2          j++;
 248   2        }
 249   1      }
 250          
 251          //初始化SSD1306
 252          void OLED_Init(void)
 253          {
 254   1      
 255   1        OLED_WR_Byte(0xAE,OLED_CMD);//--display off
 256   1        OLED_WR_Byte(0x02,OLED_CMD);//---set low column address
 257   1        OLED_WR_Byte(0x10,OLED_CMD);//---set high column address
 258   1        OLED_WR_Byte(0x40,OLED_CMD);//--set start line address
 259   1        OLED_WR_Byte(0xB0,OLED_CMD);//--set page address
 260   1        OLED_WR_Byte(0x81,OLED_CMD); // contract control
 261   1        OLED_WR_Byte(0x80,OLED_CMD);//--128
 262   1        OLED_WR_Byte(0xA1,OLED_CMD);//set segment remap
 263   1        OLED_WR_Byte(0xA6,OLED_CMD);//--normal / reverse
 264   1        OLED_WR_Byte(0xA8,OLED_CMD);//--set multiplex ratio(1 to 64)
 265   1        OLED_WR_Byte(0x3F,OLED_CMD);//--1/64 duty
 266   1        OLED_WR_Byte(0xC8,OLED_CMD);//Com scan direction
 267   1        OLED_WR_Byte(0xD3,OLED_CMD);//-set display offset
 268   1        OLED_WR_Byte(0x00,OLED_CMD);//
 269   1      
 270   1        OLED_WR_Byte(0xD5,OLED_CMD);//set osc division
 271   1        OLED_WR_Byte(0x80,OLED_CMD);//
 272   1      
 273   1      //  OLED_WR_Byte(0xD8,OLED_CMD);//set area color mode off
 274   1      //  OLED_WR_Byte(0x05,OLED_CMD);//
 275   1      
 276   1        OLED_WR_Byte(0xD9,OLED_CMD);//Set Pre-Charge Period
 277   1        OLED_WR_Byte(0xF1,OLED_CMD);//Pre-Charge 15 Clocks & Discharge 1 Clock
 278   1      
 279   1        OLED_WR_Byte(0xDA,OLED_CMD);//set com pin configuartion
 280   1        OLED_WR_Byte(0x12,OLED_CMD);//
 281   1      
 282   1        OLED_WR_Byte(0xDB,OLED_CMD);//set Vcomh
 283   1        OLED_WR_Byte(0x30,OLED_CMD);//0.77*Vcc(20H则与SSD1306同为0.77Vcc)
 284   1      
 285   1        OLED_WR_Byte(0x8D,OLED_CMD);//set charge pump enable
 286   1        OLED_WR_Byte(0x14,OLED_CMD);//
 287   1      
 288   1        OLED_WR_Byte(0xAF,OLED_CMD);//--turn on oled panel
 289   1      }
 290          
 291          //OLED的显存存放格式
 292          //[0]0 1 2 3 ... 127
 293          //[1]0 1 2 3 ... 127
 294          //[2]0 1 2 3 ... 127
 295          //[3]0 1 2 3 ... 127
 296          //[4]0 1 2 3 ... 127
 297          //[5]0 1 2 3 ... 127
 298          //[6]0 1 2 3 ... 127
 299          //[7]0 1 2 3 ... 127
 300          //常用ASCII表
 301          //偏移量32
 302          //ASCII字符集
C51 COMPILER V9.59.0.0   OLED                                                              12/08/2023 16:39:14 PAGE 6   

 303          //偏移量32
 304          //大小:12*6
 305          /************************************6*8的点阵************************************/
 306          const unsigned char code F6x8[][6] =
 307          {
 308          0x00, 0x00, 0x00, 0x00, 0x00, 0x00,// sp
 309          0x00, 0x00, 0x00, 0x2f, 0x00, 0x00,// !
 310          0x00, 0x00, 0x07, 0x00, 0x07, 0x00,// "
 311          0x00, 0x14, 0x7f, 0x14, 0x7f, 0x14,// #
 312          0x00, 0x24, 0x2a, 0x7f, 0x2a, 0x12,// $
 313          0x00, 0x62, 0x64, 0x08, 0x13, 0x23,// %
 314          0x00, 0x36, 0x49, 0x55, 0x22, 0x50,// &
 315          0x00, 0x00, 0x05, 0x03, 0x00, 0x00,// '
 316          0x00, 0x00, 0x1c, 0x22, 0x41, 0x00,// (
 317          0x00, 0x00, 0x41, 0x22, 0x1c, 0x00,// )
 318          0x00, 0x14, 0x08, 0x3E, 0x08, 0x14,// *
 319          0x00, 0x08, 0x08, 0x3E, 0x08, 0x08,// +
 320          0x00, 0x00, 0x00, 0xA0, 0x60, 0x00,// ,
 321          0x00, 0x08, 0x08, 0x08, 0x08, 0x08,// -
 322          0x00, 0x00, 0x60, 0x60, 0x00, 0x00,// .
 323          0x00, 0x20, 0x10, 0x08, 0x04, 0x02,// /
 324          0x00, 0x3E, 0x51, 0x49, 0x45, 0x3E,// 0
 325          0x00, 0x00, 0x42, 0x7F, 0x40, 0x00,// 1
 326          0x00, 0x42, 0x61, 0x51, 0x49, 0x46,// 2
 327          0x00, 0x21, 0x41, 0x45, 0x4B, 0x31,// 3
 328          0x00, 0x18, 0x14, 0x12, 0x7F, 0x10,// 4
 329          0x00, 0x27, 0x45, 0x45, 0x45, 0x39,// 5
 330          0x00, 0x3C, 0x4A, 0x49, 0x49, 0x30,// 6
 331          0x00, 0x01, 0x71, 0x09, 0x05, 0x03,// 7
 332          0x00, 0x36, 0x49, 0x49, 0x49, 0x36,// 8
 333          0x00, 0x06, 0x49, 0x49, 0x29, 0x1E,// 9
 334          0x00, 0x00, 0x36, 0x36, 0x00, 0x00,// :
 335          0x00, 0x00, 0x56, 0x36, 0x00, 0x00,// ;
 336          0x00, 0x08, 0x14, 0x22, 0x41, 0x00,// <
 337          0x00, 0x14, 0x14, 0x14, 0x14, 0x14,// =
 338          0x00, 0x00, 0x41, 0x22, 0x14, 0x08,// >
 339          0x00, 0x02, 0x01, 0x51, 0x09, 0x06,// ?
 340          0x00, 0x32, 0x49, 0x59, 0x51, 0x3E,// @
 341          0x00, 0x7C, 0x12, 0x11, 0x12, 0x7C,// A
 342          0x00, 0x7F, 0x49, 0x49, 0x49, 0x36,// B
 343          0x00, 0x3E, 0x41, 0x41, 0x41, 0x22,// C
 344          0x00, 0x7F, 0x41, 0x41, 0x22, 0x1C,// D
 345          0x00, 0x7F, 0x49, 0x49, 0x49, 0x41,// E
 346          0x00, 0x7F, 0x09, 0x09, 0x09, 0x01,// F
 347          0x00, 0x3E, 0x41, 0x49, 0x49, 0x7A,// G
 348          0x00, 0x7F, 0x08, 0x08, 0x08, 0x7F,// H
 349          0x00, 0x00, 0x41, 0x7F, 0x41, 0x00,// I
 350          0x00, 0x20, 0x40, 0x41, 0x3F, 0x01,// J
 351          0x00, 0x7F, 0x08, 0x14, 0x22, 0x41,// K
 352          0x00, 0x7F, 0x40, 0x40, 0x40, 0x40,// L
 353          0x00, 0x7F, 0x02, 0x0C, 0x02, 0x7F,// M
 354          0x00, 0x7F, 0x04, 0x08, 0x10, 0x7F,// N
 355          0x00, 0x3E, 0x41, 0x41, 0x41, 0x3E,// O
 356          0x00, 0x7F, 0x09, 0x09, 0x09, 0x06,// P
 357          0x00, 0x3E, 0x41, 0x51, 0x21, 0x5E,// Q
 358          0x00, 0x7F, 0x09, 0x19, 0x29, 0x46,// R
 359          0x00, 0x46, 0x49, 0x49, 0x49, 0x31,// S
 360          0x00, 0x01, 0x01, 0x7F, 0x01, 0x01,// T
 361          0x00, 0x3F, 0x40, 0x40, 0x40, 0x3F,// U
 362          0x00, 0x1F, 0x20, 0x40, 0x20, 0x1F,// V
 363          0x00, 0x3F, 0x40, 0x38, 0x40, 0x3F,// W
 364          0x00, 0x63, 0x14, 0x08, 0x14, 0x63,// X
C51 COMPILER V9.59.0.0   OLED                                                              12/08/2023 16:39:14 PAGE 7   

 365          0x00, 0x07, 0x08, 0x70, 0x08, 0x07,// Y
 366          0x00, 0x61, 0x51, 0x49, 0x45, 0x43,// Z
 367          0x00, 0x00, 0x7F, 0x41, 0x41, 0x00,// [
 368          0x00, 0x55, 0x2A, 0x55, 0x2A, 0x55,// 55
 369          0x00, 0x00, 0x41, 0x41, 0x7F, 0x00,// ]
 370          0x00, 0x04, 0x02, 0x01, 0x02, 0x04,// ^
 371          0x00, 0x40, 0x40, 0x40, 0x40, 0x40,// _
 372          0x00, 0x00, 0x01, 0x02, 0x04, 0x00,// '
 373          0x00, 0x20, 0x54, 0x54, 0x54, 0x78,// a
 374          0x00, 0x7F, 0x48, 0x44, 0x44, 0x38,// b
 375          0x00, 0x38, 0x44, 0x44, 0x44, 0x20,// c
 376          0x00, 0x38, 0x44, 0x44, 0x48, 0x7F,// d
 377          0x00, 0x38, 0x54, 0x54, 0x54, 0x18,// e
 378          0x00, 0x08, 0x7E, 0x09, 0x01, 0x02,// f
 379          0x00, 0x18, 0xA4, 0xA4, 0xA4, 0x7C,// g
 380          0x00, 0x7F, 0x08, 0x04, 0x04, 0x78,// h
 381          0x00, 0x00, 0x44, 0x7D, 0x40, 0x00,// i
 382          0x00, 0x40, 0x80, 0x84, 0x7D, 0x00,// j
 383          0x00, 0x7F, 0x10, 0x28, 0x44, 0x00,// k
 384          0x00, 0x00, 0x41, 0x7F, 0x40, 0x00,// l
 385          0x00, 0x7C, 0x04, 0x18, 0x04, 0x78,// m
 386          0x00, 0x7C, 0x08, 0x04, 0x04, 0x78,// n
 387          0x00, 0x38, 0x44, 0x44, 0x44, 0x38,// o
 388          0x00, 0xFC, 0x24, 0x24, 0x24, 0x18,// p
 389          0x00, 0x18, 0x24, 0x24, 0x18, 0xFC,// q
 390          0x00, 0x7C, 0x08, 0x04, 0x04, 0x08,// r
 391          0x00, 0x48, 0x54, 0x54, 0x54, 0x20,// s
 392          0x00, 0x04, 0x3F, 0x44, 0x40, 0x20,// t
 393          0x00, 0x3C, 0x40, 0x40, 0x20, 0x7C,// u
 394          0x00, 0x1C, 0x20, 0x40, 0x20, 0x1C,// v
 395          0x00, 0x3C, 0x40, 0x30, 0x40, 0x3C,// w
 396          0x00, 0x44, 0x28, 0x10, 0x28, 0x44,// x
 397          0x00, 0x1C, 0xA0, 0xA0, 0xA0, 0x7C,// y
 398          0x00, 0x44, 0x64, 0x54, 0x4C, 0x44,// z
 399          0x14, 0x14, 0x14, 0x14, 0x14, 0x14,// horiz lines
 400          };
 401          /****************************************8*16的点阵************************************/
 402          const unsigned char code F8x16[]=
 403          {
 404            0x00,0x00,0x00,0x00,0x00,0x00,0x00,0x00,0x00,0x00,0x00,0x00,0x00,0x00,0x00,0x00,// 0
 405            0x00,0x00,0x00,0xF8,0x00,0x00,0x00,0x00,0x00,0x00,0x00,0x33,0x30,0x00,0x00,0x00,//! 1
 406            0x00,0x10,0x0C,0x06,0x10,0x0C,0x06,0x00,0x00,0x00,0x00,0x00,0x00,0x00,0x00,0x00,//" 2
 407            0x40,0xC0,0x78,0x40,0xC0,0x78,0x40,0x00,0x04,0x3F,0x04,0x04,0x3F,0x04,0x04,0x00,//# 3
 408            0x00,0x70,0x88,0xFC,0x08,0x30,0x00,0x00,0x00,0x18,0x20,0xFF,0x21,0x1E,0x00,0x00,//$ 4
 409            0xF0,0x08,0xF0,0x00,0xE0,0x18,0x00,0x00,0x00,0x21,0x1C,0x03,0x1E,0x21,0x1E,0x00,//% 5
 410            0x00,0xF0,0x08,0x88,0x70,0x00,0x00,0x00,0x1E,0x21,0x23,0x24,0x19,0x27,0x21,0x10,//& 6
 411            0x10,0x16,0x0E,0x00,0x00,0x00,0x00,0x00,0x00,0x00,0x00,0x00,0x00,0x00,0x00,0x00,//' 7
 412            0x00,0x00,0x00,0xE0,0x18,0x04,0x02,0x00,0x00,0x00,0x00,0x07,0x18,0x20,0x40,0x00,//( 8
 413            0x00,0x02,0x04,0x18,0xE0,0x00,0x00,0x00,0x00,0x40,0x20,0x18,0x07,0x00,0x00,0x00,//) 9
 414            0x40,0x40,0x80,0xF0,0x80,0x40,0x40,0x00,0x02,0x02,0x01,0x0F,0x01,0x02,0x02,0x00,//* 10
 415            0x00,0x00,0x00,0xF0,0x00,0x00,0x00,0x00,0x01,0x01,0x01,0x1F,0x01,0x01,0x01,0x00,//+ 11
 416            0x00,0x00,0x00,0x00,0x00,0x00,0x00,0x00,0x80,0xB0,0x70,0x00,0x00,0x00,0x00,0x00,//, 12
 417            0x00,0x00,0x00,0x00,0x00,0x00,0x00,0x00,0x00,0x01,0x01,0x01,0x01,0x01,0x01,0x01,//- 13
 418            0x00,0x00,0x00,0x00,0x00,0x00,0x00,0x00,0x00,0x30,0x30,0x00,0x00,0x00,0x00,0x00,//. 14
 419            0x00,0x00,0x00,0x00,0x80,0x60,0x18,0x04,0x00,0x60,0x18,0x06,0x01,0x00,0x00,0x00,/// 15
 420            0x00,0xE0,0x10,0x08,0x08,0x10,0xE0,0x00,0x00,0x0F,0x10,0x20,0x20,0x10,0x0F,0x00,//0 16
 421            0x00,0x10,0x10,0xF8,0x00,0x00,0x00,0x00,0x00,0x20,0x20,0x3F,0x20,0x20,0x00,0x00,//1 17
 422            0x00,0x70,0x08,0x08,0x08,0x88,0x70,0x00,0x00,0x30,0x28,0x24,0x22,0x21,0x30,0x00,//2 18
 423            0x00,0x30,0x08,0x88,0x88,0x48,0x30,0x00,0x00,0x18,0x20,0x20,0x20,0x11,0x0E,0x00,//3 19
 424            0x00,0x00,0xC0,0x20,0x10,0xF8,0x00,0x00,0x00,0x07,0x04,0x24,0x24,0x3F,0x24,0x00,//4 20
 425            0x00,0xF8,0x08,0x88,0x88,0x08,0x08,0x00,0x00,0x19,0x21,0x20,0x20,0x11,0x0E,0x00,//5 21
 426            0x00,0xE0,0x10,0x88,0x88,0x18,0x00,0x00,0x00,0x0F,0x11,0x20,0x20,0x11,0x0E,0x00,//6 22
C51 COMPILER V9.59.0.0   OLED                                                              12/08/2023 16:39:14 PAGE 8   

 427            0x00,0x38,0x08,0x08,0xC8,0x38,0x08,0x00,0x00,0x00,0x00,0x3F,0x00,0x00,0x00,0x00,//7 23
 428            0x00,0x70,0x88,0x08,0x08,0x88,0x70,0x00,0x00,0x1C,0x22,0x21,0x21,0x22,0x1C,0x00,//8 24
 429            0x00,0xE0,0x10,0x08,0x08,0x10,0xE0,0x00,0x00,0x00,0x31,0x22,0x22,0x11,0x0F,0x00,//9 25
 430            0x00,0x00,0x00,0xC0,0xC0,0x00,0x00,0x00,0x00,0x00,0x00,0x30,0x30,0x00,0x00,0x00,//: 26
 431            0x00,0x00,0x00,0x80,0x00,0x00,0x00,0x00,0x00,0x00,0x80,0x60,0x00,0x00,0x00,0x00,//; 27
 432            0x00,0x00,0x80,0x40,0x20,0x10,0x08,0x00,0x00,0x01,0x02,0x04,0x08,0x10,0x20,0x00,//< 28
 433            0x40,0x40,0x40,0x40,0x40,0x40,0x40,0x00,0x04,0x04,0x04,0x04,0x04,0x04,0x04,0x00,//= 29
 434            0x00,0x08,0x10,0x20,0x40,0x80,0x00,0x00,0x00,0x20,0x10,0x08,0x04,0x02,0x01,0x00,//> 30
 435            0x00,0x70,0x48,0x08,0x08,0x08,0xF0,0x00,0x00,0x00,0x00,0x30,0x36,0x01,0x00,0x00,//? 31
 436            0xC0,0x30,0xC8,0x28,0xE8,0x10,0xE0,0x00,0x07,0x18,0x27,0x24,0x23,0x14,0x0B,0x00,//@ 32
 437            0x00,0x00,0xC0,0x38,0xE0,0x00,0x00,0x00,0x20,0x3C,0x23,0x02,0x02,0x27,0x38,0x20,//A 33
 438            0x08,0xF8,0x88,0x88,0x88,0x70,0x00,0x00,0x20,0x3F,0x20,0x20,0x20,0x11,0x0E,0x00,//B 34
 439            0xC0,0x30,0x08,0x08,0x08,0x08,0x38,0x00,0x07,0x18,0x20,0x20,0x20,0x10,0x08,0x00,//C 35
 440            0x08,0xF8,0x08,0x08,0x08,0x10,0xE0,0x00,0x20,0x3F,0x20,0x20,0x20,0x10,0x0F,0x00,//D 36
 441            0x08,0xF8,0x88,0x88,0xE8,0x08,0x10,0x00,0x20,0x3F,0x20,0x20,0x23,0x20,0x18,0x00,//E 37
 442            0x08,0xF8,0x88,0x88,0xE8,0x08,0x10,0x00,0x20,0x3F,0x20,0x00,0x03,0x00,0x00,0x00,//F 38
 443            0xC0,0x30,0x08,0x08,0x08,0x38,0x00,0x00,0x07,0x18,0x20,0x20,0x22,0x1E,0x02,0x00,//G 39
 444            0x08,0xF8,0x08,0x00,0x00,0x08,0xF8,0x08,0x20,0x3F,0x21,0x01,0x01,0x21,0x3F,0x20,//H 40
 445            0x00,0x08,0x08,0xF8,0x08,0x08,0x00,0x00,0x00,0x20,0x20,0x3F,0x20,0x20,0x00,0x00,//I 41
 446            0x00,0x00,0x08,0x08,0xF8,0x08,0x08,0x00,0xC0,0x80,0x80,0x80,0x7F,0x00,0x00,0x00,//J 42
 447            0x08,0xF8,0x88,0xC0,0x28,0x18,0x08,0x00,0x20,0x3F,0x20,0x01,0x26,0x38,0x20,0x00,//K 43
 448            0x08,0xF8,0x08,0x00,0x00,0x00,0x00,0x00,0x20,0x3F,0x20,0x20,0x20,0x20,0x30,0x00,//L 44
 449            0x08,0xF8,0xF8,0x00,0xF8,0xF8,0x08,0x00,0x20,0x3F,0x00,0x3F,0x00,0x3F,0x20,0x00,//M 45
 450            0x08,0xF8,0x30,0xC0,0x00,0x08,0xF8,0x08,0x20,0x3F,0x20,0x00,0x07,0x18,0x3F,0x00,//N 46
 451            0xE0,0x10,0x08,0x08,0x08,0x10,0xE0,0x00,0x0F,0x10,0x20,0x20,0x20,0x10,0x0F,0x00,//O 47
 452            0x08,0xF8,0x08,0x08,0x08,0x08,0xF0,0x00,0x20,0x3F,0x21,0x01,0x01,0x01,0x00,0x00,//P 48
 453            0xE0,0x10,0x08,0x08,0x08,0x10,0xE0,0x00,0x0F,0x18,0x24,0x24,0x38,0x50,0x4F,0x00,//Q 49
 454            0x08,0xF8,0x88,0x88,0x88,0x88,0x70,0x00,0x20,0x3F,0x20,0x00,0x03,0x0C,0x30,0x20,//R 50
 455            0x00,0x70,0x88,0x08,0x08,0x08,0x38,0x00,0x00,0x38,0x20,0x21,0x21,0x22,0x1C,0x00,//S 51
 456            0x18,0x08,0x08,0xF8,0x08,0x08,0x18,0x00,0x00,0x00,0x20,0x3F,0x20,0x00,0x00,0x00,//T 52
 457            0x08,0xF8,0x08,0x00,0x00,0x08,0xF8,0x08,0x00,0x1F,0x20,0x20,0x20,0x20,0x1F,0x00,//U 53
 458            0x08,0x78,0x88,0x00,0x00,0xC8,0x38,0x08,0x00,0x00,0x07,0x38,0x0E,0x01,0x00,0x00,//V 54
 459            0xF8,0x08,0x00,0xF8,0x00,0x08,0xF8,0x00,0x03,0x3C,0x07,0x00,0x07,0x3C,0x03,0x00,//W 55
 460            0x08,0x18,0x68,0x80,0x80,0x68,0x18,0x08,0x20,0x30,0x2C,0x03,0x03,0x2C,0x30,0x20,//X 56
 461            0x08,0x38,0xC8,0x00,0xC8,0x38,0x08,0x00,0x00,0x00,0x20,0x3F,0x20,0x00,0x00,0x00,//Y 57
 462            0x10,0x08,0x08,0x08,0xC8,0x38,0x08,0x00,0x20,0x38,0x26,0x21,0x20,0x20,0x18,0x00,//Z 58
 463            0x00,0x00,0x00,0xFE,0x02,0x02,0x02,0x00,0x00,0x00,0x00,0x7F,0x40,0x40,0x40,0x00,//[ 59
 464            0x00,0x0C,0x30,0xC0,0x00,0x00,0x00,0x00,0x00,0x00,0x00,0x01,0x06,0x38,0xC0,0x00,//\ 60
 465            0x00,0x02,0x02,0x02,0xFE,0x00,0x00,0x00,0x00,0x40,0x40,0x40,0x7F,0x00,0x00,0x00,//] 61
 466            0x00,0x00,0x04,0x02,0x02,0x02,0x04,0x00,0x00,0x00,0x00,0x00,0x00,0x00,0x00,0x00,//^ 62
 467            0x00,0x00,0x00,0x00,0x00,0x00,0x00,0x00,0x80,0x80,0x80,0x80,0x80,0x80,0x80,0x80,//_ 63
 468            0x00,0x02,0x02,0x04,0x00,0x00,0x00,0x00,0x00,0x00,0x00,0x00,0x00,0x00,0x00,0x00,//` 64
 469            0x00,0x00,0x80,0x80,0x80,0x80,0x00,0x00,0x00,0x19,0x24,0x22,0x22,0x22,0x3F,0x20,//a 65
 470            0x08,0xF8,0x00,0x80,0x80,0x00,0x00,0x00,0x00,0x3F,0x11,0x20,0x20,0x11,0x0E,0x00,//b 66
 471            0x00,0x00,0x00,0x80,0x80,0x80,0x00,0x00,0x00,0x0E,0x11,0x20,0x20,0x20,0x11,0x00,//c 67
 472            0x00,0x00,0x00,0x80,0x80,0x88,0xF8,0x00,0x00,0x0E,0x11,0x20,0x20,0x10,0x3F,0x20,//d 68
 473            0x00,0x00,0x80,0x80,0x80,0x80,0x00,0x00,0x00,0x1F,0x22,0x22,0x22,0x22,0x13,0x00,//e 69
 474            0x00,0x80,0x80,0xF0,0x88,0x88,0x88,0x18,0x00,0x20,0x20,0x3F,0x20,0x20,0x00,0x00,//f 70
 475            0x00,0x00,0x80,0x80,0x80,0x80,0x80,0x00,0x00,0x6B,0x94,0x94,0x94,0x93,0x60,0x00,//g 71
 476            0x08,0xF8,0x00,0x80,0x80,0x80,0x00,0x00,0x20,0x3F,0x21,0x00,0x00,0x20,0x3F,0x20,//h 72
 477            0x00,0x80,0x98,0x98,0x00,0x00,0x00,0x00,0x00,0x20,0x20,0x3F,0x20,0x20,0x00,0x00,//i 73
 478            0x00,0x00,0x00,0x80,0x98,0x98,0x00,0x00,0x00,0xC0,0x80,0x80,0x80,0x7F,0x00,0x00,//j 74
 479            0x08,0xF8,0x00,0x00,0x80,0x80,0x80,0x00,0x20,0x3F,0x24,0x02,0x2D,0x30,0x20,0x00,//k 75
 480            0x00,0x08,0x08,0xF8,0x00,0x00,0x00,0x00,0x00,0x20,0x20,0x3F,0x20,0x20,0x00,0x00,//l 76
 481            0x80,0x80,0x80,0x80,0x80,0x80,0x80,0x00,0x20,0x3F,0x20,0x00,0x3F,0x20,0x00,0x3F,//m 77
 482            0x80,0x80,0x00,0x80,0x80,0x80,0x00,0x00,0x20,0x3F,0x21,0x00,0x00,0x20,0x3F,0x20,//n 78
 483            0x00,0x00,0x80,0x80,0x80,0x80,0x00,0x00,0x00,0x1F,0x20,0x20,0x20,0x20,0x1F,0x00,//o 79
 484            0x80,0x80,0x00,0x80,0x80,0x00,0x00,0x00,0x80,0xFF,0xA1,0x20,0x20,0x11,0x0E,0x00,//p 80
 485            0x00,0x00,0x00,0x80,0x80,0x80,0x80,0x00,0x00,0x0E,0x11,0x20,0x20,0xA0,0xFF,0x80,//q 81
 486            0x80,0x80,0x80,0x00,0x80,0x80,0x80,0x00,0x20,0x20,0x3F,0x21,0x20,0x00,0x01,0x00,//r 82
 487            0x00,0x00,0x80,0x80,0x80,0x80,0x80,0x00,0x00,0x33,0x24,0x24,0x24,0x24,0x19,0x00,//s 83
 488            0x00,0x80,0x80,0xE0,0x80,0x80,0x00,0x00,0x00,0x00,0x00,0x1F,0x20,0x20,0x00,0x00,//t 84
C51 COMPILER V9.59.0.0   OLED                                                              12/08/2023 16:39:14 PAGE 9   

 489            0x80,0x80,0x00,0x00,0x00,0x80,0x80,0x00,0x00,0x1F,0x20,0x20,0x20,0x10,0x3F,0x20,//u 85
 490            0x80,0x80,0x80,0x00,0x00,0x80,0x80,0x80,0x00,0x01,0x0E,0x30,0x08,0x06,0x01,0x00,//v 86
 491            0x80,0x80,0x00,0x80,0x00,0x80,0x80,0x80,0x0F,0x30,0x0C,0x03,0x0C,0x30,0x0F,0x00,//w 87
 492            0x00,0x80,0x80,0x00,0x80,0x80,0x80,0x00,0x00,0x20,0x31,0x2E,0x0E,0x31,0x20,0x00,//x 88
 493            0x80,0x80,0x80,0x00,0x00,0x80,0x80,0x80,0x80,0x81,0x8E,0x70,0x18,0x06,0x01,0x00,//y 89
 494            0x00,0x80,0x80,0x80,0x80,0x80,0x80,0x00,0x00,0x21,0x30,0x2C,0x22,0x21,0x30,0x00,//z 90
 495            0x00,0x00,0x00,0x00,0x80,0x7C,0x02,0x02,0x00,0x00,0x00,0x00,0x00,0x3F,0x40,0x40,//{ 91
 496            0x00,0x00,0x00,0x00,0xFF,0x00,0x00,0x00,0x00,0x00,0x00,0x00,0xFF,0x00,0x00,0x00,//| 92
 497            0x00,0x02,0x02,0x7C,0x80,0x00,0x00,0x00,0x00,0x40,0x40,0x3F,0x00,0x00,0x00,0x00,//} 93
 498            0x00,0x06,0x01,0x01,0x02,0x02,0x04,0x04,0x00,0x00,0x00,0x00,0x00,0x00,0x00,0x00,//~ 94
 499          };


MODULE INFORMATION:   STATIC OVERLAYABLE
   CODE SIZE        =   1192    ----
   CONSTANT SIZE    =   2072    ----
   XDATA SIZE       =   ----      31
   PDATA SIZE       =   ----    ----
   DATA SIZE        =   ----    ----
   IDATA SIZE       =   ----    ----
   BIT SIZE         =   ----    ----
   EDATA SIZE       =   ----    ----
   HDATA SIZE       =   ----    ----
   XDATA CONST SIZE =   ----    ----
   FAR CONST SIZE   =   ----    ----
END OF MODULE INFORMATION.


C51 COMPILATION COMPLETE.  0 WARNING(S),  0 ERROR(S)
