C51 COMPILER V9.59.0.0   POWERCHECK                                                        12/08/2023 16:39:15 PAGE 1   


C51 COMPILER V9.59.0.0, COMPILATION OF MODULE POWERCHECK
OBJECT MODULE PLACED IN .\Objects\PowerCheck.obj
COMPILER INVOKED BY: D:\Keil\C51\BIN\C51.EXE PowerCheck.c LARGE OMF2 OPTIMIZE(8,SPEED) BROWSE INCDIR(.\LIB) DEBUG PRINT(
                    -.\Listings\PowerCheck.lst) TABS(2) OBJECT(.\Objects\PowerCheck.obj)

line level    source

   1          //#include "PowerCheck.h"
   2          
   3          
   4          //void PowercheckInit(void)
   5          //{
   6          ///*--------端口模式设置-------*/
   7          ///*  PxM1  PxM0       模式    */
   8          ///*    0     0     准双向口   */
   9          ///*    0     1     强推挽输出 */
  10          ///*    1     0     高阻输入   */
  11          ///*    1     1     开漏输出   */
  12          ///*---------------------------*/
  13          //  //将P1.7设置为高阻输入
  14          //  P1M1 |= 0x80;
  15          //  P1M0 &= 0x7f;
  16          //  
  17          //  ADCCFG = RESFMT | ADCspeed512SYSclk; //转换结果右对齐:4bit+8bit ADC数据格式, 转换时间512SYSclk
  18          //  ADC_CONTR = ADC_POWER | ADC_START | ADC_CHS_7;  /*START ADC7*/ 
  19          //  EADC = 1;   /*ADC转换中断 允许*/
  20          //  EA = 1;
  21          //}
  22          
  23          //void PowerShow(void)
  24          //{
  25          //  uchar V_f = PowerValue;
  26          //  uchar V_b = (int)(PowerValue * 100) % 1000;
  27          //  OLED_ShowString(0,2,"V:",16);
  28          //  OLED_ShowNum(16,2,V_f,1,16);
  29          //  OLED_ShowChar(32,2,'.',16);
  30          //  OLED_ShowNum(48,2,V_b,2,16);
  31          //}


MODULE INFORMATION:   STATIC OVERLAYABLE
   CODE SIZE        =   ----    ----
   CONSTANT SIZE    =   ----    ----
   XDATA SIZE       =   ----    ----
   PDATA SIZE       =   ----    ----
   DATA SIZE        =   ----    ----
   IDATA SIZE       =   ----    ----
   BIT SIZE         =   ----    ----
   EDATA SIZE       =   ----    ----
   HDATA SIZE       =   ----    ----
   XDATA CONST SIZE =   ----    ----
   FAR CONST SIZE   =   ----    ----
END OF MODULE INFORMATION.


C51 COMPILATION COMPLETE.  0 WARNING(S),  0 ERROR(S)
