C51 COMPILER V9.59.0.0   STC8A_PWM15BIT                                                    12/08/2023 16:39:17 PAGE 1   


C51 COMPILER V9.59.0.0, COMPILATION OF MODULE STC8A_PWM15BIT
OBJECT MODULE PLACED IN .\Objects\STC8A_PWM15bit.obj
COMPILER INVOKED BY: D:\Keil\C51\BIN\C51.EXE LIB\STC8A_PWM15bit.c LARGE OMF2 OPTIMIZE(8,SPEED) BROWSE INCDIR(.\LIB) DEBU
                    -G PRINT(.\Listings\STC8A_PWM15bit.lst) TABS(2) OBJECT(.\Objects\STC8A_PWM15bit.obj)

line level    source

   1          /*---------------------------------------------------------------------*/
   2          /* --- STC MCU Limited ------------------------------------------------*/
   3          /* --- STC 1T Series MCU Demo Programme -------------------------------*/
   4          /* --- Mobile: (86)13922805190 ----------------------------------------*/
   5          /* --- Fax: 86-0513-55012956,55012947,55012969 ------------------------*/
   6          /* --- Tel: 86-0513-55012928,55012929,55012966 ------------------------*/
   7          /* --- Web: www.STCAI.com ---------------------------------------------*/
   8          /* --- BBS: www.STCAIMCU.com  -----------------------------------------*/
   9          /* --- QQ:  800003751 -------------------------------------------------*/
  10          /* 如果要在程序中使用此代码,请在程序中注明使用了STC的资料及程序            */
  11          /*---------------------------------------------------------------------*/
  12          
  13          #include  "STC8A_PWM15bit.h"
  14          
  15          u16 code PWMxCR[8] = {
  16            0xff14,   /* PWM0CR */
  17            0xff1c,   /* PWM1CR */
  18            0xff24,   /* PWM2CR */
  19            0xff2c,   /* PWM3CR */
  20            0xff34,   /* PWM4CR */
  21            0xff3c,   /* PWM5CR */
  22            0xff44,   /* PWM6CR */
  23            0xff4c,   /* PWM7CR */
  24          };
  25          
  26          u16 code PWMxT1[8] = {
  27            0xff10,   /* PWM0T1 */
  28            0xff18,   /* PWM1T1 */
  29            0xff20,   /* PWM2T1 */
  30            0xff28,   /* PWM3T1 */
  31            0xff30,   /* PWM4T1 */
  32            0xff38,   /* PWM5T1 */
  33            0xff40,   /* PWM6T1 */
  34            0xff48,   /* PWM7T1 */
  35          };
  36          
  37          u16 code PWMxT2[8] = {
  38            0xff12,   /* PWM0T2 */
  39            0xff1a,   /* PWM1T2 */
  40            0xff22,   /* PWM2T2 */
  41            0xff2a,   /* PWM3T2 */
  42            0xff32,   /* PWM4T2 */
  43            0xff3a,   /* PWM5T2 */
  44            0xff42,   /* PWM6T2 */
  45            0xff4a,   /* PWM7T2 */
  46          };
  47          
  48          u16 code PWMxHLD[8] = {
  49            0xff15,   /* PWM0HLD */
  50            0xff1d,   /* PWM1HLD */
  51            0xff25,   /* PWM2HLD */
  52            0xff2d,   /* PWM3HLD */
  53            0xff35,   /* PWM4HLD */
  54            0xff3d,   /* PWM5HLD */
C51 COMPILER V9.59.0.0   STC8A_PWM15BIT                                                    12/08/2023 16:39:17 PAGE 2   

  55            0xff45,   /* PWM6HLD */
  56            0xff4d,   /* PWM7HLD */
  57          };
  58          
  59          //========================================================================
  60          // 函数: u8 PWMChannelCtrl(u8 PWM_id, u8 pwm_eno, u8 pwm_ini, u8 pwm_eni, u8 pwm_ent2i, u8 pwm_ent1i)
  61          // 描述: PWM通道控制寄存器设置. 
  62          // 参数: PWM_id: PWM通道序号. 取值 0~7
  63          //       pwm_eno:   pwm输出使能, 0设为GPIO, 1设为PWM输出.
  64          //       pwm_cns:   pwm通道选择, PWM15_SW_P2, PWM15_SW_P1, PWM15_SW_P6.
  65          //       pwm_ini:   pwm输出端的初始电平, 0为低电平, 1为高电平.
  66          //       pwm_eni:   pwm通道中断使能控制, 0为关闭PWM中断, 1为使能PWM中断.
  67          //       pwm_ent2i: pwm通道第二个触发点中断使能控制, 0为关闭PWM第二个触发点中断, 1为使能PWM第二个触发点中断.
  68          //       pwm_ent1i: pwm通道第一个触发点中断使能控制, 0为关闭PWM第一个触发点中断, 1为使能PWM第一个触发点中断.
  69          // 返回: 成功返回 SUCCESS, 错误返回 FAIL.
  70          // 版本: V1.0, 2020-09-22
  71          //========================================================================
  72          u8  PWMChannelCtrl(u8 PWM_id, u8 pwm_eno, u8 pwm_cns, u8 pwm_ini, u8 pwm_eni, u8 pwm_ent2i, u8 pwm_ent1i)
  73          {
  74   1        u8  xdata *pPWMxCR;
  75   1        
  76   1        if(PWM_id > PWM15_7)  return FAIL;  //id错误
  77   1        if(pwm_eno > 1) return FAIL;  //输出使能错误
  78   1        if(pwm_ini > 1) return FAIL;  //输出端的初始电平错误
  79   1        if(pwm_eni > 1) return FAIL;  //中断使能控制错误
  80   1        if(pwm_ent2i > 1) return FAIL;  //第二个触发点中断使能控制错误
  81   1        if(pwm_ent1i > 1) return FAIL;  //第一个触发点中断使能控制错误
  82   1        
  83   1        pPWMxCR = (u8 *)PWMxCR[PWM_id];
  84   1        *pPWMxCR = (pwm_eno << 7) | (pwm_ini << 6) | (pwm_cns << 3) | (pwm_eni << 2) | (pwm_ent2i << 1) | pwm_ent
             -1i;
  85   1        return SUCCESS;
  86   1      }
  87          
  88          //========================================================================
  89          // 函数: u8 PWM15Duty(u8 PWM_id, u16 Period, u16 dutyL, u16 dutyH)
  90          // 描述: PWM 占空比设置. 
  91          // 参数: PWM_id:  PWM通道序号. 取值 0~7
  92          //       dutyL:   pwm输出低电平位置, 取值 0~0x7fff.
  93          //       dutyH:   pwm输出高电平位置, 取值 0~0x7fff.
  94          // 返回: 成功返回 SUCCESS, 错误返回 FAIL.
  95          // 版本: V1.0, 2020-09-22
  96          //========================================================================
  97          u8  PWM15Duty(u8 PWM_id, u16 dutyL, u16 dutyH)
  98          {
  99   1        u16 xdata *pPWMxT1;
 100   1        u16 xdata *pPWMxT2;
 101   1        
 102   1        if(PWM_id > PWM15_7)  return FAIL;  //id错误
 103   1        if(dutyL > 0x7fff)  return FAIL;  //低电平时间设置错误
 104   1        if(dutyH > 0x7fff)  return FAIL;  //高电平时间设置错误
 105   1        
 106   1        pPWMxT1 = (u16 *)PWMxT1[PWM_id];
 107   1        *pPWMxT1 = dutyL & 0x7fff;
 108   1      
 109   1        pPWMxT2 = (u16 *)PWMxT2[PWM_id];
 110   1        *pPWMxT2 = dutyH & 0x7fff;
 111   1        return SUCCESS;
 112   1      }
 113          
 114          //========================================================================
 115          // 函数: u8 PWMLevelSet(u8 PWM_id, u8 pwm_hldl, u8 pwm_hldh)
C51 COMPILER V9.59.0.0   STC8A_PWM15BIT                                                    12/08/2023 16:39:17 PAGE 3   

 116          // 描述: PWM通道控制寄存器设置. 
 117          // 参数: PWM_id: PWM通道序号. 取值 0~7
 118          //       pwm_hldl:   pwm强制输出低电平控制位, 0正常输出, 1强制输出低电平.
 119          //       pwm_hldh:   pwm强制输出高电平控制位, 0正常输出, 1强制输出高电平.
 120          // 返回: 成功返回 SUCCESS, 错误返回 FAIL.
 121          // 版本: V1.0, 2020-09-22
 122          //========================================================================
 123          u8  PWMLevelSet(u8 PWM_id, u8 pwm_hldl, u8 pwm_hldh)
 124          {
 125   1        u8  xdata *pPWMxHLD;
 126   1        
 127   1        if(PWM_id > PWM15_7)  return FAIL;  //id错误
 128   1        if(pwm_hldh > 1)  return FAIL;  //输出使能错误
 129   1        if(pwm_hldl > 1)  return FAIL;  //输出端的初始电平错误
 130   1        
 131   1        pPWMxHLD = (u8 *)PWMxHLD[PWM_id];
 132   1        *pPWMxHLD = (pwm_hldh << 1) | pwm_hldl;
 133   1        return SUCCESS;
 134   1      }
 135          
 136          //========================================================================
 137          // 函数: u8 PWM15_Init(PWM15_InitTypeDef *PWMx)
 138          // 描述: 15位增强型PWM初始化程序.
 139          // 参数: PWMx: 结构参数,请参考头文件里的定义.
 140          // 返回: 成功返回 SUCCESS, 错误返回 FAIL.
 141          // 版本: V1.0, 2020-09-22
 142          //========================================================================
 143          u8  PWM15_Init(PWM15_InitTypeDef *PWMx)
 144          {
 145   1        PWM15_PWM_Set(PWMx->PWM_Enable);  //使能/关闭 PWM0（包括 PWM00~PWM07）
 146   1        PWM15_PS_Set(PWMx->PWM_Clock_PS); //系统时钟分频参数,  0~15
 147   1        PWM15_Clock_Sel(PWMx->PWM_Clock_Sel); //PWMn时钟源选择
 148   1        PWMC = PWMx->PWM_Period & 0x7fff;
 149   1        PWM15_CounterInt_Set(PWMx->PWM_CInt); //PWMn计数器归零中断使能设置
 150   1        PWM15_Counter_Set(PWMx->PWM_Counter); //PWMn计数器使能设置
 151   1        
 152   1        return SUCCESS;
 153   1      }


MODULE INFORMATION:   STATIC OVERLAYABLE
   CODE SIZE        =    475    ----
   CONSTANT SIZE    =     64    ----
   XDATA SIZE       =   ----       9
   PDATA SIZE       =   ----    ----
   DATA SIZE        =   ----    ----
   IDATA SIZE       =   ----    ----
   BIT SIZE         =   ----    ----
   EDATA SIZE       =   ----    ----
   HDATA SIZE       =   ----    ----
   XDATA CONST SIZE =   ----    ----
   FAR CONST SIZE   =   ----    ----
END OF MODULE INFORMATION.


C51 COMPILATION COMPLETE.  0 WARNING(S),  0 ERROR(S)
