C51 COMPILER V9.59.0.0   STC8A_TIMER                                                       12/08/2023 16:39:18 PAGE 1   


C51 COMPILER V9.59.0.0, COMPILATION OF MODULE STC8A_TIMER
OBJECT MODULE PLACED IN .\Objects\STC8A_Timer.obj
COMPILER INVOKED BY: D:\Keil\C51\BIN\C51.EXE LIB\STC8A_Timer.c LARGE OMF2 OPTIMIZE(8,SPEED) BROWSE INCDIR(.\LIB) DEBUG P
                    -RINT(.\Listings\STC8A_Timer.lst) TABS(2) OBJECT(.\Objects\STC8A_Timer.obj)

line level    source

   1          /*---------------------------------------------------------------------*/
   2          /* --- STC MCU Limited ------------------------------------------------*/
   3          /* --- STC 1T Series MCU Demo Programme -------------------------------*/
   4          /* --- Mobile: (86)13922805190 ----------------------------------------*/
   5          /* --- Fax: 86-0513-55012956,55012947,55012969 ------------------------*/
   6          /* --- Tel: 86-0513-55012928,55012929,55012966 ------------------------*/
   7          /* --- Web: www.STCAI.com ---------------------------------------------*/
   8          /* --- BBS: www.STCAIMCU.com  -----------------------------------------*/
   9          /* --- QQ:  800003751 -------------------------------------------------*/
  10          /* ШчЙћвЊдкГЬађжаЪЙгУДЫДњТы,ЧыдкГЬађжазЂУїЪЙгУСЫSTCЕФзЪСЯМАГЬађ            */
  11          /*---------------------------------------------------------------------*/
  12          
  13          #include  "STC8A_Timer.h"
  14          
  15          //========================================================================
  16          // КЏЪ§: u8 Timer_Inilize(u8 TIM, TIM_InitTypeDef *TIMx)
  17          // УшЪі: ЖЈЪБЦїГѕЪМЛЏГЬађ.
  18          // ВЮЪ§: TIMx: НсЙЙВЮЪ§,ЧыВЮПМtimer.hРяЕФЖЈвх.
  19          // ЗЕЛи: ГЩЙІЗЕЛи SUCCESS, ДэЮѓЗЕЛи FAIL.
  20          // АцБО: V1.0, 2012-10-22
  21          //========================================================================
  22          u8  Timer_Inilize(u8 TIM, TIM_InitTypeDef *TIMx)
  23          {
  24   1        if(TIM == Timer0)
  25   1        {
  26   2          Timer0_Stop();    //ЭЃжЙМЦЪ§
  27   2          if(TIMx->TIM_Mode > TIM_16BitAutoReloadNoMask)  return FAIL;  //ДэЮѓ
  28   2          TMOD = (TMOD & ~0x03) | TIMx->TIM_Mode; //ЙЄзїФЃЪН,0: 16ЮЛздЖЏжизА, 1: 16ЮЛЖЈЪБ/МЦЪ§, 2: 8ЮЛздЖЏжизА, 3:
             - ВЛПЩЦСБЮ16ЮЛздЖЏжизА
  29   2          if(TIMx->TIM_ClkSource >  TIM_CLOCK_Ext)  return FAIL;
  30   2          Timer0_CLK_Select(TIMx->TIM_ClkSource); //ЖдЭтМЦЪ§ЛђЗжЦЕ, ЖЈЪБ12T/1T
  31   2          Timer0_CLK_Output(TIMx->TIM_ClkOut);    //ЪфГіЪБжгЪЙФм
  32   2          T0_Load(TIMx->TIM_Value);
  33   2          Timer0_Run(TIMx->TIM_Run);
  34   2          return  SUCCESS;    //ГЩЙІ
  35   2        }
  36   1      
  37   1        if(TIM == Timer1)
  38   1        {
  39   2          Timer1_Stop();    //ЭЃжЙМЦЪ§
  40   2          if(TIMx->TIM_Mode > TIM_16BitAutoReloadNoMask)  return FAIL;  //ДэЮѓ
  41   2          TMOD = (TMOD & ~0x30) | (TIMx->TIM_Mode << 4);  //ЙЄзїФЃЪН,0: 16ЮЛздЖЏжизА, 1: 16ЮЛЖЈЪБ/МЦЪ§, 2: 8ЮЛздЖЏж
             -изА, 3: ЭЃжЙЙЄзї
  42   2          if(TIMx->TIM_ClkSource >  TIM_CLOCK_Ext)  return FAIL;
  43   2          Timer1_CLK_Select(TIMx->TIM_ClkSource); //ЖдЭтМЦЪ§ЛђЗжЦЕ, ЖЈЪБ12T/1T
  44   2          Timer1_CLK_Output(TIMx->TIM_ClkOut);    //ЪфГіЪБжгЪЙФм
  45   2          T1_Load(TIMx->TIM_Value);
  46   2          Timer1_Run(TIMx->TIM_Run);
  47   2          return  SUCCESS;    //ГЩЙІ
  48   2        }
  49   1      
  50   1        if(TIM == Timer2)   //Timer2,ЙЬЖЈЮЊ16ЮЛздЖЏжизА, жаЖЯЮогХЯШМЖ
  51   1        {
  52   2          Timer2_Stop();  //ЭЃжЙМЦЪ§
C51 COMPILER V9.59.0.0   STC8A_TIMER                                                       12/08/2023 16:39:18 PAGE 2   

  53   2          Timer2_CLK_Select(TIMx->TIM_ClkSource); //ЖдЭтМЦЪ§ЛђЗжЦЕ, ЖЈЪБ12T/1T
  54   2          Timer2_CLK_Output(TIMx->TIM_ClkOut);    //ЪфГіЪБжгЪЙФм
  55   2      
  56   2          T2_Load(TIMx->TIM_Value);
  57   2          TM2PS = TIMx->TIM_PS;
  58   2          Timer2_Run(TIMx->TIM_Run);
  59   2          return  SUCCESS;    //ГЩЙІ
  60   2        }
  61   1      
  62   1        if(TIM == Timer3)   //Timer3,ЙЬЖЈЮЊ16ЮЛздЖЏжизА, жаЖЯЮогХЯШМЖ
  63   1        {
  64   2          Timer3_Stop();  //ЭЃжЙМЦЪ§
  65   2          if(TIMx->TIM_ClkSource >  TIM_CLOCK_Ext)  return FAIL;
  66   2          Timer3_CLK_Select(TIMx->TIM_ClkSource); //ЖдЭтМЦЪ§ЛђЗжЦЕ, ЖЈЪБ12T/1T
  67   2          Timer3_CLK_Output(TIMx->TIM_ClkOut);    //ЪфГіЪБжгЪЙФм
  68   2      
  69   2          T3_Load(TIMx->TIM_Value);
  70   2          TM3PS = TIMx->TIM_PS;
  71   2          Timer3_Run(TIMx->TIM_Run);
  72   2          return  SUCCESS;    //ГЩЙІ
  73   2        }
  74   1      
  75   1        if(TIM == Timer4)   //Timer3,ЙЬЖЈЮЊ16ЮЛздЖЏжизА, жаЖЯЮогХЯШМЖ
  76   1        {
  77   2          Timer4_Stop();  //ЭЃжЙМЦЪ§
  78   2          if(TIMx->TIM_ClkSource >  TIM_CLOCK_Ext)  return FAIL;
  79   2          Timer4_CLK_Select(TIMx->TIM_ClkSource); //ЖдЭтМЦЪ§ЛђЗжЦЕ, ЖЈЪБ12T/1T
  80   2          Timer4_CLK_Output(TIMx->TIM_ClkOut);    //ЪфГіЪБжгЪЙФм
  81   2      
  82   2          T4_Load(TIMx->TIM_Value);
  83   2          TM4PS = TIMx->TIM_PS;
  84   2          Timer4_Run(TIMx->TIM_Run);
  85   2          return  SUCCESS;    //ГЩЙІ
  86   2        }
  87   1        return FAIL;  //ДэЮѓ
  88   1      }


MODULE INFORMATION:   STATIC OVERLAYABLE
   CODE SIZE        =    645    ----
   CONSTANT SIZE    =   ----    ----
   XDATA SIZE       =   ----    ----
   PDATA SIZE       =   ----    ----
   DATA SIZE        =   ----    ----
   IDATA SIZE       =   ----    ----
   BIT SIZE         =   ----    ----
   EDATA SIZE       =   ----    ----
   HDATA SIZE       =   ----    ----
   XDATA CONST SIZE =   ----    ----
   FAR CONST SIZE   =   ----    ----
END OF MODULE INFORMATION.


C51 COMPILATION COMPLETE.  0 WARNING(S),  0 ERROR(S)
