C51 COMPILER V9.59.0.0   STC8A_PCA_ISR                                                     12/08/2023 16:39:17 PAGE 1   


C51 COMPILER V9.59.0.0, COMPILATION OF MODULE STC8A_PCA_ISR
OBJECT MODULE PLACED IN .\Objects\STC8A_PCA_Isr.obj
COMPILER INVOKED BY: D:\Keil\C51\BIN\C51.EXE LIB\STC8A_PCA_Isr.c LARGE OMF2 OPTIMIZE(8,SPEED) BROWSE INCDIR(.\LIB) DEBUG
                    - PRINT(.\Listings\STC8A_PCA_Isr.lst) TABS(2) OBJECT(.\Objects\STC8A_PCA_Isr.obj)

line level    source

   1          /*---------------------------------------------------------------------*/
   2          /* --- STC MCU Limited ------------------------------------------------*/
   3          /* --- STC 1T Series MCU Demo Programme -------------------------------*/
   4          /* --- Mobile: (86)13922805190 ----------------------------------------*/
   5          /* --- Fax: 86-0513-55012956,55012947,55012969 ------------------------*/
   6          /* --- Tel: 86-0513-55012928,55012929,55012966 ------------------------*/
   7          /* --- Web: www.STCAI.com ---------------------------------------------*/
   8          /* --- BBS: www.STCAIMCU.com  -----------------------------------------*/
   9          /* --- QQ:  800003751 -------------------------------------------------*/
  10          /* 如果要在程序中使用此代码,请在程序中注明使用了STC的资料及程序            */
  11          /*---------------------------------------------------------------------*/
  12          
  13          #include  "STC8A_PCA.h"
  14          
  15          //========================================================================
  16          //                               本地变量声明
  17          //========================================================================
  18          
  19          u16   CAP0_Old,CAP1_Old,CAP2_Old,CAP3_Old;       //记录上一次的捕获值
  20          u16   CAP0_New,CAP1_New,CAP2_New,CAP3_New;       //记录本次的捕获值
  21          
  22          //========================================================================
  23          // 函数: PCA_ISR_Handler
  24          // 描述: PCA中断函数.
  25          // 参数: none.
  26          // 返回: none.
  27          // 版本: V1.0, 2020-09-23
  28          //========================================================================
  29          void  PCA_ISR_Handler (void) interrupt PCA_VECTOR
  30          {
  31   1        if(CCF0)    //PCA模块0中断
  32   1        {
  33   2          CCF0 = 0;   //清PCA模块0中断标志
  34   2          // TODO: 在此处添加用户代码
  35   2          if(CCAPM0 >= PCA_Mode_SoftTimer)    //PCA_Mode_SoftTimer and PCA_Mode_HighPulseOutput
  36   2          {
  37   3            CCAP0_tmp += PCA_Timer0;
  38   3            CCAP0L = (u8)CCAP0_tmp;     //将影射寄存器写入捕获寄存器，先写CCAP0L
  39   3            CCAP0H = (u8)(CCAP0_tmp >> 8);  //后写CCAP0H
  40   3          }
  41   2          else if(CCAPM0 & PCA_Mode_Capture)
  42   2          {
  43   3            CAP0_Old = CAP0_New;
  44   3            CAP0_New = CCAP0H;  //读CCAP0H
  45   3            CAP0_New = (CAP0_New << 8) + CCAP0L;
  46   3            CCAP0_tmp = CAP0_New - CAP0_Old;
  47   3            B_Capture0 = 1;
  48   3          }
  49   2        }
  50   1      
  51   1        if(CCF1)  //PCA模块1中断
  52   1        {
  53   2          CCF1 = 0;   //清PCA模块1中断标志
  54   2          // TODO: 在此处添加用户代码
C51 COMPILER V9.59.0.0   STC8A_PCA_ISR                                                     12/08/2023 16:39:17 PAGE 2   

  55   2          if(CCAPM1 >= PCA_Mode_SoftTimer)    //PCA_Mode_SoftTimer and PCA_Mode_HighPulseOutput
  56   2          {
  57   3            CCAP1_tmp += PCA_Timer1;
  58   3            CCAP1L = (u8)CCAP1_tmp;     //将影射寄存器写入捕获寄存器，先写CCAP0L
  59   3            CCAP1H = (u8)(CCAP1_tmp >> 8);  //后写CCAP0H
  60   3          }
  61   2          else if(CCAPM1 & PCA_Mode_Capture)
  62   2          {
  63   3            CAP1_Old = CAP1_New;
  64   3            CAP1_New = CCAP1H;  //读CCAP1H
  65   3            CAP1_New = (CAP1_New << 8) + CCAP1L;
  66   3            CCAP1_tmp = CAP1_New - CAP1_Old;
  67   3            B_Capture1 = 1;
  68   3          }
  69   2        }
  70   1      
  71   1        if(CCF2)  //PCA模块2中断
  72   1        {
  73   2          CCF2 = 0;   //清PCA模块1中断标志
  74   2          // TODO: 在此处添加用户代码
  75   2          if(CCAPM2 >= PCA_Mode_SoftTimer)    //PCA_Mode_SoftTimer and PCA_Mode_HighPulseOutput
  76   2          {
  77   3            CCAP2_tmp += PCA_Timer2;
  78   3            CCAP2L = (u8)CCAP2_tmp;     //将影射寄存器写入捕获寄存器，先写CCAP0L
  79   3            CCAP2H = (u8)(CCAP2_tmp >> 8);  //后写CCAP0H
  80   3          }
  81   2          else if(CCAPM2 & PCA_Mode_Capture)
  82   2          {
  83   3            CAP2_Old = CAP2_New;
  84   3            CAP2_New = CCAP2H;  //读CCAP2H
  85   3            CAP2_New = (CAP2_New << 8) + CCAP2L;
  86   3            CCAP2_tmp = CAP2_New - CAP2_Old;
  87   3            B_Capture2 = 1;
  88   3          }
  89   2        }
  90   1      
  91   1        if(CCF3)  //PCA模块3中断
  92   1        {
  93   2          CCF3 = 0;   //清PCA模块1中断标志
  94   2          // TODO: 在此处添加用户代码
  95   2          if(CCAPM3 >= PCA_Mode_SoftTimer)    //PCA_Mode_SoftTimer and PCA_Mode_HighPulseOutput
  96   2          {
  97   3            CCAP3_tmp += PCA_Timer3;
  98   3            CCAP3L = (u8)CCAP3_tmp;     //将影射寄存器写入捕获寄存器，先写CCAPxL
  99   3            CCAP3H = (u8)(CCAP3_tmp >> 8);  //后写CCAPxH
 100   3          }
 101   2          else if(CCAPM3 & PCA_Mode_Capture)
 102   2          {
 103   3            CAP3_Old = CAP3_New;
 104   3            CAP3_New = CCAP3H;  //读CCAP3H
 105   3            CAP3_New = (CAP3_New << 8) + CCAP3L;
 106   3            CCAP3_tmp = CAP3_New - CAP3_Old;
 107   3            B_Capture3 = 1;
 108   3          }
 109   2        }
 110   1      
 111   1        if(CF)  //PCA溢出中断
 112   1        {
 113   2          CF = 0;     //清PCA溢出中断标志
 114   2          // TODO: 在此处添加用户代码
 115   2        }
 116   1      
C51 COMPILER V9.59.0.0   STC8A_PCA_ISR                                                     12/08/2023 16:39:17 PAGE 3   

 117   1      }


MODULE INFORMATION:   STATIC OVERLAYABLE
   CODE SIZE        =    561    ----
   CONSTANT SIZE    =   ----    ----
   XDATA SIZE       =     16    ----
   PDATA SIZE       =   ----    ----
   DATA SIZE        =   ----    ----
   IDATA SIZE       =   ----    ----
   BIT SIZE         =   ----    ----
   EDATA SIZE       =   ----    ----
   HDATA SIZE       =   ----    ----
   XDATA CONST SIZE =   ----    ----
   FAR CONST SIZE   =   ----    ----
END OF MODULE INFORMATION.


C51 COMPILATION COMPLETE.  0 WARNING(S),  0 ERROR(S)
