C51 COMPILER V9.59.0.0   STC8A_PCA                                                         12/08/2023 16:39:17 PAGE 1   


C51 COMPILER V9.59.0.0, COMPILATION OF MODULE STC8A_PCA
OBJECT MODULE PLACED IN .\Objects\STC8A_PCA.obj
COMPILER INVOKED BY: D:\Keil\C51\BIN\C51.EXE LIB\STC8A_PCA.c LARGE OMF2 OPTIMIZE(8,SPEED) BROWSE INCDIR(.\LIB) DEBUG PRI
                    -NT(.\Listings\STC8A_PCA.lst) TABS(2) OBJECT(.\Objects\STC8A_PCA.obj)

line level    source

   1          /*---------------------------------------------------------------------*/
   2          /* --- STC MCU Limited ------------------------------------------------*/
   3          /* --- STC 1T Series MCU Demo Programme -------------------------------*/
   4          /* --- Mobile: (86)13922805190 ----------------------------------------*/
   5          /* --- Fax: 86-0513-55012956,55012947,55012969 ------------------------*/
   6          /* --- Tel: 86-0513-55012928,55012929,55012966 ------------------------*/
   7          /* --- Web: www.STCAI.com ---------------------------------------------*/
   8          /* --- BBS: www.STCAIMCU.com  -----------------------------------------*/
   9          /* --- QQ:  800003751 -------------------------------------------------*/
  10          /* 如果要在程序中使用此代码,请在程序中注明使用了STC的资料及程序            */
  11          /*---------------------------------------------------------------------*/
  12          
  13          #include  "STC8A_PCA.h"
  14          
  15          bit   B_Capture0,B_Capture1,B_Capture2,B_Capture3;
  16          u8    PCA0_mode,PCA1_mode,PCA2_mode,PCA3_mode;
  17          u16   CCAP0_tmp,PCA_Timer0;
  18          u16   CCAP1_tmp,PCA_Timer1;
  19          u16   CCAP2_tmp,PCA_Timer2;
  20          u16   CCAP3_tmp,PCA_Timer3;
  21          
  22          //========================================================================
  23          // 函数: UpdatePcaPwm(u8 PCA_id, u16 pwm_value)
  24          // 描述: 更新PWM值. 
  25          // 参数: PCA_id: PCA序号. 取值 PCA0,PCA1,PCA2,PCA_Counter
  26          //     pwm_value: pwm值, 这个值是输出低电平的时间.
  27          // 返回: none.
  28          // 版本: V1.0, 2012-11-22
  29          //========================================================================
  30          void  UpdatePcaPwm(u8 PCA_id, u16 pwm_value)
  31          {
  32   1        if(PCA_id == PCA0)
  33   1        {
  34   2          PCA_PWM0 = (PCA_PWM0 & ~0x32) | (u8)((pwm_value & 0x0300) >> 4) | (u8)((pwm_value & 0x0400) >> 9);
  35   2          CCAP0H = (u8)pwm_value;
  36   2        }
  37   1        else if(PCA_id == PCA1)
  38   1        {
  39   2          PCA_PWM1 = (PCA_PWM1 & ~0x32) | (u8)((pwm_value & 0x0300) >> 4) | (u8)((pwm_value & 0x0400) >> 9);
  40   2          CCAP1H = (u8)pwm_value;
  41   2        }
  42   1        else if(PCA_id == PCA2)
  43   1        {
  44   2          PCA_PWM2 = (PCA_PWM2 & ~0x32) | (u8)((pwm_value & 0x0300) >> 4) | (u8)((pwm_value & 0x0400) >> 9);
  45   2          CCAP2H = (u8)pwm_value;
  46   2        }
  47   1        else if(PCA_id == PCA3)
  48   1        {
  49   2          PCA_PWM3 = (PCA_PWM3 & ~0x32) | (u8)((pwm_value & 0x0300) >> 4) | (u8)((pwm_value & 0x0400) >> 9);
  50   2          CCAP3H = (u8)pwm_value;
  51   2        }
  52   1      }
  53          
  54          //========================================================================
C51 COMPILER V9.59.0.0   STC8A_PCA                                                         12/08/2023 16:39:17 PAGE 2   

  55          // 函数: void PCALevelSet(u8 PCA_id, u8 PCA_Level)
  56          // 描述: 更新PWM值. 
  57          // 参数: PCA_id: PCA序号. 取值 PCA0,PCA1,PCA2,PCA3
  58          //       PCA_Level: PWM固定输出高电平, 0: 低电平, 1: 高电平.
  59          // 返回: none.
  60          // 版本: V1.0, 2021-6-10
  61          //========================================================================
  62          void  PCALevelSet(u8 PCA_id, u8 PCA_Level)
  63          {
  64   1        if(PCA_id == PCA0)
  65   1        {
  66   2          if(PCA_Level == 1)
  67   2          {
  68   3            PCA_PWM0 &= ~0x32; //PWM固定输出高电平
  69   3            CCAP0H = 0x00;
  70   3          }
  71   2          else
  72   2          {
  73   3            PCA_PWM0 |= 0x32; //PWM固定输出低电平
  74   3            CCAP0H = 0xff;
  75   3          }
  76   2        }
  77   1        else if(PCA_id == PCA1)
  78   1        {
  79   2          if(PCA_Level == 1)
  80   2          {
  81   3            PCA_PWM1 &= ~0x32; //PWM固定输出高电平
  82   3            CCAP1H = 0x00;
  83   3          }
  84   2          else
  85   2          {
  86   3            PCA_PWM1 |= 0x32; //PWM固定输出低电平
  87   3            CCAP1H = 0xff;
  88   3          }
  89   2        }
  90   1        else if(PCA_id == PCA2)
  91   1        {
  92   2          if(PCA_Level == 1)
  93   2          {
  94   3            PCA_PWM2 &= ~0x32; //PWM固定输出高电平
  95   3            CCAP2H = 0x00;
  96   3          }
  97   2          else
  98   2          {
  99   3            PCA_PWM2 |= 0x32; //PWM固定输出低电平
 100   3            CCAP2H = 0xff;
 101   3          }
 102   2        }
 103   1        else if(PCA_id == PCA3)
 104   1        {
 105   2          if(PCA_Level == 1)
 106   2          {
 107   3            PCA_PWM3 &= ~0x32; //PWM固定输出高电平
 108   3            CCAP3H = 0x00;
 109   3          }
 110   2          else
 111   2          {
 112   3            PCA_PWM3 |= 0x32; //PWM固定输出低电平
 113   3            CCAP3H = 0xff;
 114   3          }
 115   2        }
 116   1      }
C51 COMPILER V9.59.0.0   STC8A_PCA                                                         12/08/2023 16:39:17 PAGE 3   

 117          
 118          //========================================================================
 119          // 函数: void PCA_Init(PCA_id, PCA_InitTypeDef *PCAx)
 120          // 描述: PCA初始化程序.
 121          // 参数: PCA_id: PCA序号. 取值 PCA0,PCA1,PCA2,PCA3,PCA_Counter
 122          //     PCAx: 结构参数,请参考PCA.h里的定义.
 123          // 返回: none.
 124          // 版本: V1.0, 2012-11-22
 125          //========================================================================
 126          void  PCA_Init(u8 PCA_id, PCA_InitTypeDef *PCAx)
 127          {
 128   1        if(PCA_id == PCA_Counter)     //设置公用Counter
 129   1        {
 130   2          CR = 0;
 131   2          CH = 0;
 132   2          CL = 0;
 133   2          CMOD  = (CMOD  & ~(7<<1)) | PCAx->PCA_Clock;      //选择时钟源
 134   2          if(PCAx->PCA_RUN == ENABLE) CR = 1;
 135   2          return;
 136   2        }
 137   1      
 138   1        if(PCA_id == PCA0)
 139   1        {
 140   2          PCA_PWM0  = (PCA_PWM0 & ~(3<<6)) | PCAx->PCA_PWM_Wide;  //PWM宽度
 141   2      
 142   2          PCA_Timer0 = PCAx->PCA_Value;
 143   2          B_Capture0 = 0;
 144   2          CCAP0_tmp = PCA_Timer0;
 145   2          CCAP0L = (u8)CCAP0_tmp;     //将影射寄存器写入捕获寄存器，先写CCAPxL
 146   2          CCAP0H = (u8)(CCAP0_tmp >> 8);  //后写CCAPxH
 147   2        }
 148   1        if(PCA_id == PCA1)
 149   1        {
 150   2          PCA_PWM1  = (PCA_PWM1 & ~(3<<6)) | PCAx->PCA_PWM_Wide;
 151   2      
 152   2          PCA_Timer1 = PCAx->PCA_Value;
 153   2          B_Capture1 = 0;
 154   2          CCAP1_tmp = PCA_Timer1;
 155   2          CCAP1L = (u8)CCAP1_tmp;     //将影射寄存器写入捕获寄存器，先写CCAPxL
 156   2          CCAP1H = (u8)(CCAP1_tmp >> 8);  //后写CCAPxH
 157   2        }
 158   1        if(PCA_id == PCA2)
 159   1        {
 160   2          PCA_PWM2  = (PCA_PWM2 & ~(3<<6)) | PCAx->PCA_PWM_Wide;
 161   2      
 162   2          PCA_Timer2 = PCAx->PCA_Value;
 163   2          B_Capture2 = 0;
 164   2          CCAP2_tmp = PCA_Timer2;
 165   2          CCAP2L = (u8)CCAP2_tmp;     //将影射寄存器写入捕获寄存器，先写CCAPxL
 166   2          CCAP2H = (u8)(CCAP2_tmp >> 8);  //后写CCAPxH
 167   2        }
 168   1        if(PCA_id == PCA3)
 169   1        {
 170   2          PCA_PWM3  = (PCA_PWM3 & ~(3<<6)) | PCAx->PCA_PWM_Wide;
 171   2      
 172   2          PCA_Timer3 = PCAx->PCA_Value;
 173   2          B_Capture3 = 0;
 174   2          CCAP3_tmp = PCA_Timer3;
 175   2          CCAP3L = (u8)CCAP3_tmp;     //将影射寄存器写入捕获寄存器，先写CCAPxL
 176   2          CCAP3H = (u8)(CCAP3_tmp >> 8);  //后写CCAPxH
 177   2        }
 178   1      }
C51 COMPILER V9.59.0.0   STC8A_PCA                                                         12/08/2023 16:39:17 PAGE 4   



MODULE INFORMATION:   STATIC OVERLAYABLE
   CODE SIZE        =    529    ----
   CONSTANT SIZE    =   ----    ----
   XDATA SIZE       =     20    ----
   PDATA SIZE       =   ----    ----
   DATA SIZE        =   ----    ----
   IDATA SIZE       =   ----    ----
   BIT SIZE         =      4    ----
   EDATA SIZE       =   ----    ----
   HDATA SIZE       =   ----    ----
   XDATA CONST SIZE =   ----    ----
   FAR CONST SIZE   =   ----    ----
END OF MODULE INFORMATION.


C51 COMPILATION COMPLETE.  0 WARNING(S),  0 ERROR(S)
