C51 COMPILER V9.59.0.0   TIMER                                                             12/08/2023 16:39:15 PAGE 1   


C51 COMPILER V9.59.0.0, COMPILATION OF MODULE TIMER
OBJECT MODULE PLACED IN .\Objects\timer.obj
COMPILER INVOKED BY: D:\Keil\C51\BIN\C51.EXE timer.c LARGE OMF2 OPTIMIZE(8,SPEED) BROWSE INCDIR(.\LIB) DEBUG PRINT(.\Lis
                    -tings\timer.lst) TABS(2) OBJECT(.\Objects\timer.obj)

line level    source

   1          #include "timer.h"
   2          
   3          
   4          //ХфжУЖЈЪБЦїВЮЪ§
   5          void    Timer_config(void)//ДЫЪБЕФЖЈЪБЦїЦЕТЪЮЊ10KHz
   6          {
   7   1        TIM_InitTypeDef   TIM_InitStructure;            //НсЙЙЖЈвх
   8   1        TIM_InitStructure.TIM_Mode      = TIM_16BitAutoReload;  //жИЖЈЙЄзїФЃЪН,   TIM_16BitAutoReload,TIM_16Bit,TI
             -M_8BitAutoReload,TIM_16BitAutoReloadNoMask
   9   1        TIM_InitStructure.TIM_ClkSource = TIM_CLOCK_1T;   //жИЖЈЪБжгдД,     TIM_CLOCK_1T,TIM_CLOCK_12T,TIM_CLOCK_E
             -xt
  10   1        TIM_InitStructure.TIM_ClkOut    = DISABLE;        //ЪЧЗёЪфГіИпЫйТіГх, ENABLEЛђDISABLE
  11   1        TIM_InitStructure.TIM_Value     = 65536UL - (MAIN_Fosc / 10000UL);    //ГѕжЕ,
  12   1        TIM_InitStructure.TIM_Run       = ENABLE;         //ЪЧЗёГѕЪМЛЏКѓЦєЖЏЖЈЪБЦї, ENABLEЛђDISABLE
  13   1        Timer_Inilize(Timer0,&TIM_InitStructure);         //ГѕЪМЛЏTimer0    Timer0,Timer1,Timer2,Timer3,Timer4
  14   1        NVIC_Timer0_Init(ENABLE,Priority_0);    //жаЖЯЪЙФм, ENABLE/DISABLE; гХЯШМЖ(ЕЭЕНИп) Priority_0,Priority_1,Pr
             -iority_2,Priority_3
  15   1      }


MODULE INFORMATION:   STATIC OVERLAYABLE
   CODE SIZE        =     42    ----
   CONSTANT SIZE    =   ----    ----
   XDATA SIZE       =   ----       7
   PDATA SIZE       =   ----    ----
   DATA SIZE        =   ----    ----
   IDATA SIZE       =   ----    ----
   BIT SIZE         =   ----    ----
   EDATA SIZE       =   ----    ----
   HDATA SIZE       =   ----    ----
   XDATA CONST SIZE =   ----    ----
   FAR CONST SIZE   =   ----    ----
END OF MODULE INFORMATION.


C51 COMPILATION COMPLETE.  0 WARNING(S),  0 ERROR(S)
