C51 COMPILER V9.59.0.0   UART                                                              12/08/2023 16:39:15 PAGE 1   


C51 COMPILER V9.59.0.0, COMPILATION OF MODULE UART
OBJECT MODULE PLACED IN .\Objects\uart.obj
COMPILER INVOKED BY: D:\Keil\C51\BIN\C51.EXE uart.c LARGE OMF2 OPTIMIZE(8,SPEED) BROWSE INCDIR(.\LIB) DEBUG PRINT(.\List
                    -ings\uart.lst) TABS(2) OBJECT(.\Objects\uart.obj)

line level    source

   1          #include "uart.h"
   2          
   3          
   4          
   5          
   6          /***************  ДЎПкГѕЪМЛЏКЏЪ§ *****************/
   7          void  UART_config(void)       //UART1 еМгУP30 P31
   8          {
   9   1        COMx_InitDefine   COMx_InitStructure;         //НсЙЙЖЈвх
  10   1          GPIO_InitTypeDef  GPIO_InitStructure;   //НсЙЙЖЈвх
  11   1      
  12   1        GPIO_InitStructure.Pin  = GPIO_Pin_0 | GPIO_Pin_1;    //жИЖЈвЊГѕЪМЛЏЕФIO, GPIO_Pin_0 ~ GPIO_Pin_7
  13   1        GPIO_InitStructure.Mode = GPIO_PullUp;  //жИЖЈIOЕФЪфШыЛђЪфГіЗНЪН,GPIO_PullUp,GPIO_HighZ,GPIO_OUT_OD,GPIO_O
             -UT_PP
  14   1        GPIO_Inilize(GPIO_P3,&GPIO_InitStructure);  //ГѕЪМЛЏ
  15   1          
  16   1        COMx_InitStructure.UART_Mode      = UART_8bit_BRTx; //ФЃЪН, UART_ShiftRight,UART_8bit_BRTx,UART_9bit,UART
             -_9bit_BRTx
  17   1        COMx_InitStructure.UART_BRT_Use   = BRT_Timer1;     //бЁдёВЈЬиТЪЗЂЩњЦї, BRT_Timer1, BRT_Timer2 (зЂвт: ДЎПк2
             -ЙЬЖЈЪЙгУBRT_Timer2)
  18   1        COMx_InitStructure.UART_BaudRate  = 115200ul;     //ВЈЬиТЪ, вЛАу 110 ~ 115200
  19   1        COMx_InitStructure.UART_RxEnable  = ENABLE;       //НгЪедЪаэ,   ENABLEЛђDISABLE
  20   1        COMx_InitStructure.BaudRateDouble = DISABLE;      //ВЈЬиТЪМгБЖ, ENABLEЛђDISABLE
  21   1        UART_Configuration(UART1, &COMx_InitStructure);   //ГѕЪМЛЏДЎПк1 UART1,UART2,UART3,UART4
  22   1        NVIC_UART1_Init(ENABLE,Priority_1);   //жаЖЯЪЙФм, ENABLE/DISABLE; гХЯШМЖ(ЕЭЕНИп) Priority_0,Priority_1,Pri
             -ority_2,Priority_3
  23   1      
  24   1        UART1_SW(UART1_SW_P30_P31);   //UART1_SW_P30_P31,UART1_SW_P36_P37,UART1_SW_P16_P17,UART1_SW_P43_P44
  25   1      }


MODULE INFORMATION:   STATIC OVERLAYABLE
   CODE SIZE        =     71    ----
   CONSTANT SIZE    =   ----    ----
   XDATA SIZE       =   ----      11
   PDATA SIZE       =   ----    ----
   DATA SIZE        =   ----    ----
   IDATA SIZE       =   ----    ----
   BIT SIZE         =   ----    ----
   EDATA SIZE       =   ----    ----
   HDATA SIZE       =   ----    ----
   XDATA CONST SIZE =   ----    ----
   FAR CONST SIZE   =   ----    ----
END OF MODULE INFORMATION.


C51 COMPILATION COMPLETE.  0 WARNING(S),  0 ERROR(S)
